Performing C SOURCE FILE Test CMAKE_HAVE_LIBC_PTHREAD failed with the following output:
Change Dir: /cs/usr/yosefede06/Desktop/C6/ex2-os1/cmake-build-debug/CMakeFiles/CMakeTmp

Run Build Command(s):/usr/bin/gmake -f Makefile cmTC_aaea8/fast && /usr/bin/gmake  -f CMakeFiles/cmTC_aaea8.dir/build.make CMakeFiles/cmTC_aaea8.dir/build
gmake[1]: Entering directory '/cs/usr/yosefede06/Desktop/C6/ex2-os1/cmake-build-debug/CMakeFiles/CMakeTmp'
Building C object CMakeFiles/cmTC_aaea8.dir/src.c.o
/usr/bin/cc -DCMAKE_HAVE_LIBC_PTHREAD   -o CMakeFiles/cmTC_aaea8.dir/src.c.o -c /cs/usr/yosefede06/Desktop/C6/ex2-os1/cmake-build-debug/CMakeFiles/CMakeTmp/src.c
Linking C executable cmTC_aaea8
/usr/local/APP/jetbrains/clion/2022.1.3/bin/cmake/linux/bin/cmake -E cmake_link_script CMakeFiles/cmTC_aaea8.dir/link.txt --verbose=1
/usr/bin/cc CMakeFiles/cmTC_aaea8.dir/src.c.o -o cmTC_aaea8 
/usr/bin/ld: CMakeFiles/cmTC_aaea8.dir/src.c.o: in function `main':
src.c:(.text+0x2f): undefined reference to `pthread_create'
/usr/bin/ld: src.c:(.text+0x3b): undefined reference to `pthread_detach'
/usr/bin/ld: src.c:(.text+0x47): undefined reference to `pthread_cancel'
/usr/bin/ld: src.c:(.text+0x58): undefined reference to `pthread_join'
collect2: error: ld returned 1 exit status
gmake[1]: *** [CMakeFiles/cmTC_aaea8.dir/build.make:99: cmTC_aaea8] Error 1
gmake[1]: Leaving directory '/cs/usr/yosefede06/Desktop/C6/ex2-os1/cmake-build-debug/CMakeFiles/CMakeTmp'
gmake: *** [Makefile:127: cmTC_aaea8/fast] Error 2


Source file was:
#include <pthread.h>

static void* test_func(void* data)
{
  return data;
}

int main(void)
{
  pthread_t thread;
  pthread_create(&thread, NULL, test_func, NULL);
  pthread_detach(thread);
  pthread_cancel(thread);
  pthread_join(thread, NULL);
  pthread_atfork(NULL, NULL, NULL);
  pthread_exit(NULL);

  return 0;
}

Determining if the function pthread_create exists in the pthreads failed with the following output:
Change Dir: /cs/usr/yosefede06/Desktop/C6/ex2-os1/cmake-build-debug/CMakeFiles/CMakeTmp

Run Build Command(s):/usr/bin/gmake -f Makefile cmTC_c5a3b/fast && /usr/bin/gmake  -f CMakeFiles/cmTC_c5a3b.dir/build.make CMakeFiles/cmTC_c5a3b.dir/build
gmake[1]: Entering directory '/cs/usr/yosefede06/Desktop/C6/ex2-os1/cmake-build-debug/CMakeFiles/CMakeTmp'
Building C object CMakeFiles/cmTC_c5a3b.dir/CheckFunctionExists.c.o
/usr/bin/cc   -DCHECK_FUNCTION_EXISTS=pthread_create -o CMakeFiles/cmTC_c5a3b.dir/CheckFunctionExists.c.o -c /usr/local/APP/jetbrains/clion/2022.1.3/bin/cmake/linux/share/cmake-3.22/Modules/CheckFunctionExists.c
Linking C executable cmTC_c5a3b
/usr/local/APP/jetbrains/clion/2022.1.3/bin/cmake/linux/bin/cmake -E cmake_link_script CMakeFiles/cmTC_c5a3b.dir/link.txt --verbose=1
/usr/bin/cc  -DCHECK_FUNCTION_EXISTS=pthread_create CMakeFiles/cmTC_c5a3b.dir/CheckFunctionExists.c.o -o cmTC_c5a3b  -lpthreads 
/usr/bin/ld: cannot find -lpthreads
collect2: error: ld returned 1 exit status
gmake[1]: *** [CMakeFiles/cmTC_c5a3b.dir/build.make:99: cmTC_c5a3b] Error 1
gmake[1]: Leaving directory '/cs/usr/yosefede06/Desktop/C6/ex2-os1/cmake-build-debug/CMakeFiles/CMakeTmp'
gmake: *** [Makefile:127: cmTC_c5a3b/fast] Error 2



